"../../../Engine/Content/EngineMeshes/Humanoid.uasset" 0
"../../../../../../Users/dev_console/Projects/TwilightArchery/Content/Assets/Archer/Meshes/MixamoBase_Skeleton.uasset" 1
"../../../Engine/Content/Animation/DefaultAnimCurveCompressionSettings.uasset" 2
"../../../Engine/Content/Animation/DefaultAnimBoneCompressionSettings.uasset" 3
"../../../../../../Users/dev_console/Projects/TwilightArchery/Content/Assets/Archer/Animations/Braced_Hang_To_Crouch.uasset" 4
"../../../../../../Users/dev_console/Projects/TwilightArchery/Content/Assets/Archer/Animations/StandingJump.uasset" 5
"../../../../../../Users/dev_console/Projects/TwilightArchery/Content/Assets/Archer/Animations/StandingLanding.uasset" 6
"../../../../../../Users/dev_console/Projects/TwilightArchery/Content/Assets/Archer/Animations/AimSpace/AimDown.uasset" 7
"../../../../../../Users/dev_console/Projects/TwilightArchery/Content/Assets/Archer/Animations/AimSpace/AimUp.uasset" 8
"../../../../../../Users/dev_console/Projects/TwilightArchery/Content/Assets/Archer/Animations/AimSpace/AimCenter.uasset" 9
"../../../../../../Users/dev_console/Projects/TwilightArchery/Content/Assets/Archer/Animations/Blendspaces/StandingAimOffset.uasset" 10
"../../../../../../Users/dev_console/Projects/TwilightArchery/Content/Assets/Arrow/Textures/weapon_bow_ShenMin_D.uasset" 11
"../../../../../../Users/dev_console/Projects/TwilightArchery/Content/Assets/Arrow/Textures/weapon_bow_ShenMin_N.uasset" 12
"../../../../../../Users/dev_console/Projects/TwilightArchery/Content/Assets/Arrow/Textures/weapon_bow_ShenMin_S.uasset" 13
"../../../../../../Users/dev_console/Projects/TwilightArchery/Content/Assets/Arrow/Textures/wing_mt_metallic.uasset" 14
"../../../../../../Users/dev_console/Projects/TwilightArchery/Content/Assets/Arrow/Textures/wing_mt_normal.uasset" 15
"../../../../../../Users/dev_console/Projects/TwilightArchery/Content/Assets/Arrow/Textures/wing_mt_roughness.uasset" 16
"../../../../../../Users/dev_console/Projects/TwilightArchery/Content/Assets/Bow/Textures/quiver_mt_albedo.uasset" 17
"../../../../../../Users/dev_console/Projects/TwilightArchery/Content/Assets/Bow/Textures/quiver_mt_AO.uasset" 18
"../../../../../../Users/dev_console/Projects/TwilightArchery/Content/Assets/Bow/Textures/quiver_mt_metallic.uasset" 19
"../../../../../../Users/dev_console/Projects/TwilightArchery/Content/Assets/Bow/Textures/quiver_mt_normal.uasset" 20
"../../../../../../Users/dev_console/Projects/TwilightArchery/Content/Assets/Bow/Textures/quiver_mt_roughness.uasset" 21
"../../../../../../Users/dev_console/Projects/TwilightArchery/Content/Assets/Dragon/Meshes/DragonTheNightmare_Skeleton.uasset" 22
"../../../../../../Users/dev_console/Projects/TwilightArchery/Content/Assets/Dragon/Animations/AttackMouthAnim.uasset" 23
"../../../../../../Users/dev_console/Projects/TwilightArchery/Content/Assets/Dragon/Animations/WalkRightAnim.uasset" 24
"../../../../../../Users/dev_console/Projects/TwilightArchery/Content/Assets/Dragon/Animations/WalkLeftAnim.uasset" 25
"../../../../../../Users/dev_console/Projects/TwilightArchery/Content/Assets/Dragon/Animations/WalkBackAnim.uasset" 26
"../../../../../../Users/dev_console/Projects/TwilightArchery/Content/Assets/Dragon/Animations/WalkAnim.uasset" 27
"../../../../../../Users/dev_console/Projects/TwilightArchery/Content/Assets/Dragon/Animations/Idle01Anim.uasset" 28
"../../../../../../Users/dev_console/Projects/TwilightArchery/Content/Assets/Dragon/Animations/Dragon_WalkDir_BS.uasset" 29
"../../../../../../Users/dev_console/Projects/TwilightArchery/Content/Assets/Dragon/Animations/GetHitAnim.uasset" 30
"../../../../../../Users/dev_console/Projects/TwilightArchery/Content/Assets/Dragon/Animations/Idle02Anim.uasset" 31
"../../../../../../Users/dev_console/Projects/TwilightArchery/Content/Assets/Dragon/Animations/ScreamAnim.uasset" 32
"../../../../../../Users/dev_console/Projects/TwilightArchery/Content/Assets/Materials/Trail_MAT.uasset" 33
"../../../../../../Users/dev_console/Projects/TwilightArchery/Content/Assets/ModularLostRuinKit/Textures/Nature/Rocks/T_Tiling_Detail_Rock_N.uasset" 34
"../../../../../../Users/dev_console/Projects/TwilightArchery/Content/Assets/ModularLostRuinKit/Textures/Nature/Foliage/T_Fol_Grass_N.uasset" 35
"../../../../../../Users/dev_console/Projects/TwilightArchery/Content/Assets/ModularLostRuinKit/Textures/Nature/Foliage/T_Fol_Grass_M.uasset" 36
"../../../../../../Users/dev_console/Projects/TwilightArchery/Content/Assets/ModularLostRuinKit/Textures/Nature/Foliage/T_Fol_Grass_BC.uasset" 37
"../../../Engine/Content/Functions/Engine_MaterialFunctions01/WorldPositionOffset/SimpleGrassWind.uasset" 38
"../../../../../../Users/dev_console/Projects/TwilightArchery/Content/Assets/ModularLostRuinKit/Materials/Functions/MF_CheaperNormalBlend.uasset" 39
"../../../../../../Users/dev_console/Projects/TwilightArchery/Content/Assets/ModularLostRuinKit/Materials/MasterMaterials/M_Foliage.uasset" 40
"../../../../../../Users/dev_console/Projects/TwilightArchery/Content/Assets/ModularLostRuinKit/Materials/Nature/Foliage/MI_Grass.uasset" 41
"../../../../../../Users/dev_console/Projects/TwilightArchery/Content/Assets/ModularLostRuinKit/Models/Nature/Foliage/SM_Fol_Grass_Set2.uasset" 42
"../../../../../../Users/dev_console/Projects/TwilightArchery/Content/Assets/ModularLostRuinKit/Models/Nature/Foliage/SM_Fol_Grass_Set3.uasset" 43
"../../../../../../Users/dev_console/Projects/TwilightArchery/Content/Assets/ModularLostRuinKit/Textures/Nature/Rocks/T_Rock_Medium_M.uasset" 44
"../../../../../../Users/dev_console/Projects/TwilightArchery/Content/Assets/ModularLostRuinKit/Textures/Generic/T_Dripping_Dirt_M.uasset" 45
"../../../Engine/Content/EngineMaterials/DefaultDiffuse.uasset" 46
"../../../../../../Users/dev_console/Projects/TwilightArchery/Content/Assets/ModularLostRuinKit/Textures/Nature/Rocks/T_Rock_Medium_N.uasset" 47
"../../../Engine/Content/Functions/Engine_MaterialFunctions02/Utility/VectorLength.uasset" 48
"../../../Engine/Content/Functions/Engine_MaterialFunctions02/WorldPositionOffset/ObjectScale.uasset" 49
"../../../Engine/Content/Functions/Engine_MaterialFunctions01/AlphaBlend/WorldAlignedBlend.uasset" 50
"../../../Engine/Content/Functions/MaterialLayerFunctions/MatLayerBlend_Standard.uasset" 51
"../../../Engine/Content/Functions/Engine_MaterialFunctions01/Gradient/LinearGradient.uasset" 52
"../../../../../../Users/dev_console/Projects/TwilightArchery/Content/Assets/ModularLostRuinKit/Textures/Generic/T_Cloud_M.uasset" 53
"../../../Engine/Content/Functions/Engine_MaterialFunctions01/ImageAdjustment/CheapContrast.uasset" 54
"../../../Engine/Content/Functions/Engine_MaterialFunctions02/Texturing/HeightLerp.uasset" 55
"../../../../../../Users/dev_console/Projects/TwilightArchery/Content/Assets/ModularLostRuinKit/Textures/Generic/T_DirtD_rips_M.uasset" 56
"../../../Engine/Content/Functions/Engine_MaterialFunctions02/Utility/BlendAngleCorrectedNormals.uasset" 57
"../../../Engine/Content/Functions/Engine_MaterialFunctions01/Texturing/WorldAlignedTexture.uasset" 58
"../../../../../../Users/dev_console/Projects/TwilightArchery/Content/Assets/ModularLostRuinKit/Textures/Generic/T_Moss_N.uasset" 59
"../../../../../../Users/dev_console/Projects/TwilightArchery/Content/Assets/ModularLostRuinKit/Materials/Functions/MF_GroundEffect.uasset" 60
"../../../../../../Users/dev_console/Projects/TwilightArchery/Content/Assets/ModularLostRuinKit/Textures/Generic/T_Sand_N.uasset" 61
"../../../../../../Users/dev_console/Projects/TwilightArchery/Content/Assets/ModularLostRuinKit/Textures/Generic/T_Sand_BC.uasset" 62
"../../../../../../Users/dev_console/Projects/TwilightArchery/Content/Assets/ModularLostRuinKit/Materials/Functions/MF_Enviromental_Sand.uasset" 63
"../../../../../../Users/dev_console/Projects/TwilightArchery/Content/Assets/ModularLostRuinKit/Textures/Generic/T_Moss_BC.uasset" 64
"../../../../../../Users/dev_console/Projects/TwilightArchery/Content/Assets/ModularLostRuinKit/Materials/Functions/MF_Enviromental_Moss.uasset" 65
"../../../../../../Users/dev_console/Projects/TwilightArchery/Content/Assets/ModularLostRuinKit/Materials/Functions/MF_BakedAOBlend.uasset" 66
"../../../../../../Users/dev_console/Projects/TwilightArchery/Content/Assets/ModularLostRuinKit/Textures/Nature/Rocks/T_Tiling_Rock2_N.uasset" 67
"../../../../../../Users/dev_console/Projects/TwilightArchery/Content/Assets/ModularLostRuinKit/Textures/Nature/Rocks/T_Tiling_Rock2_M.uasset" 68
"../../../../../../Users/dev_console/Projects/TwilightArchery/Content/Assets/ModularLostRuinKit/Textures/Nature/Rocks/T_Tiling_Rock2_BC.uasset" 69
"../../../../../../Users/dev_console/Projects/TwilightArchery/Content/Assets/ModularLostRuinKit/Textures/Nature/Rocks/T_Tiling_Rock1_Brown_N.uasset" 70
"../../../../../../Users/dev_console/Projects/TwilightArchery/Content/Assets/ModularLostRuinKit/Textures/Nature/Rocks/T_Tiling_Rock1_Brown_M.uasset" 71
"../../../../../../Users/dev_console/Projects/TwilightArchery/Content/Assets/ModularLostRuinKit/Textures/Nature/Rocks/T_Tiling_Rock1_Brown_BC.uasset" 72
"../../../../../../Users/dev_console/Projects/TwilightArchery/Content/Assets/ModularLostRuinKit/Materials/MasterMaterials/M_Rock.uasset" 73
"../../../../../../Users/dev_console/Projects/TwilightArchery/Content/Assets/ModularLostRuinKit/Textures/Nature/Rocks/T_Rock_Wall_N.uasset" 74
"../../../../../../Users/dev_console/Projects/TwilightArchery/Content/Assets/ModularLostRuinKit/Textures/Nature/Rocks/T_Rock_Wall_M.uasset" 75
"../../../../../../Users/dev_console/Projects/TwilightArchery/Content/Assets/ModularLostRuinKit/Materials/Nature/Rocks/MI_Wall_Rock.uasset" 76
"../../../../../../Users/dev_console/Projects/TwilightArchery/Content/Assets/ModularLostRuinKit/Models/Nature/Rocks/SM_Wall_Rock_Set_7.uasset" 77
"../../../../../../Users/dev_console/Projects/TwilightArchery/Content/Assets/ModularLostRuinKit/Textures/Nature/Foliage/T_Fol_Leafs_N.uasset" 78
"../../../../../../Users/dev_console/Projects/TwilightArchery/Content/Assets/ModularLostRuinKit/Textures/Nature/Foliage/T_Fol_Leafs_M.uasset" 79
"../../../../../../Users/dev_console/Projects/TwilightArchery/Content/Assets/ModularLostRuinKit/Textures/Nature/Foliage/T_Fol_Leafs_BC.uasset" 80
"../../../../../../Users/dev_console/Projects/TwilightArchery/Content/Assets/ModularLostRuinKit/Materials/Nature/Foliage/MI_Bush.uasset" 81
"../../../../../../Users/dev_console/Projects/TwilightArchery/Content/Assets/ModularLostRuinKit/Models/Nature/Rocks/WithFoliage/SM_Wall_Rock_Set_2_Fol.uasset" 82
"../../../../../../Users/dev_console/Projects/TwilightArchery/Content/Assets/ModularLostRuinKit/Models/Nature/Rocks/WithFoliage/SM_Wall_Rock_Set_5_Fol.uasset" 83
"../../../../../../Users/dev_console/Projects/TwilightArchery/Content/Assets/ModularLostRuinKit/Models/Props/Debris/SM_Wood_Pile_2X2.uasset" 84
"../../../../../../Users/dev_console/Projects/TwilightArchery/Content/Assets/ModularLostRuinKit/Textures/Effects/T_Water_N.uasset" 85
"../../../../../../Users/dev_console/Projects/TwilightArchery/Content/Assets/ModularLostRuinKit/Textures/Generic/T_Smoke_M.uasset" 86
"../../../Engine/Content/EditorBlueprintResources/StandardMacros.uasset" 87
"../../../../../../Users/dev_console/Projects/TwilightArchery/Content/Assets/Dragon/Meshes/DragonTheNightmare_Physics.uasset" 88
"../../../../../../Users/dev_console/Projects/TwilightArchery/Content/Assets/Dragon/Textures/AlbinoHPTex.uasset" 89
"../../../../../../Users/dev_console/Projects/TwilightArchery/Content/Assets/Dragon/Materials/AlbinoMat.uasset" 90
"../../../../../../Users/dev_console/Projects/TwilightArchery/Content/Assets/Dragon/Meshes/DragonTheNightmareSK.uasset" 91
"../../../../../../Users/dev_console/Projects/TwilightArchery/Content/Assets/Dragon/Animations/Dragon_Walk_BS.uasset" 92
"../../../../../../Users/dev_console/Projects/TwilightArchery/Content/Assets/Dragon/Animations/RunAnim.uasset" 93
"../../../../../../Users/dev_console/Projects/TwilightArchery/Content/Assets/Dragon/Animations/Dragon_Run_BD.uasset" 94
"../../../../../../Users/dev_console/Projects/TwilightArchery/Content/Assets/Dragon/Animations/JumpAnim.uasset" 95
"../../../../../../Users/dev_console/Projects/TwilightArchery/Content/Assets/Dragon/Animations/DieAnim.uasset" 96
"../../../../../../Users/dev_console/Projects/TwilightArchery/Content/Assets/Dragon/Animations/DefendAnim.uasset" 97
"../../../Engine/Content/Animation/DefaultRecorderBoneCompression.uasset" 98
"../../../../../../Users/dev_console/Projects/TwilightArchery/Content/Assets/Dragon/Animations/AttackHornFastAnim.uasset" 99
"../../../../../../Users/dev_console/Projects/TwilightArchery/Content/Assets/Dragon/Animations/AttackHornAnim.uasset" 100
"../../../../../../Users/dev_console/Projects/TwilightArchery/Content/Assets/Dragon/Animations/AttackHandFastAnim.uasset" 101
"../../../../../../Users/dev_console/Projects/TwilightArchery/Content/Assets/Dragon/Animations/AttackHandAnim.uasset" 102
"../../../../../../Users/dev_console/Projects/TwilightArchery/Content/Assets/Dragon/Animations/Dragon_animBP.uasset" 103
"../../../../../../Users/dev_console/Projects/TwilightArchery/Content/Enemy/BossCharacter_BP.uasset" 104
"../../../../../../Users/dev_console/Projects/TwilightArchery/Content/Enemy/AI/BTTask_BlueprintRotateTowardsPlayer.uasset" 105
"../../../../../../Users/dev_console/Projects/TwilightArchery/Content/Enemy/AI/BossBB.uasset" 106
"../../../../../../Users/dev_console/Projects/TwilightArchery/Content/Enemy/AI/BossBT.uasset" 107
"../../../../../../Users/dev_console/Projects/TwilightArchery/Content/FX/Materials/BasicRibbon_MAT.uasset" 108
"../../../../../../Users/dev_console/Projects/TwilightArchery/Content/Levels/TestArenaLarge_BuiltData.uasset" 109
"../../../../../../Users/dev_console/Projects/TwilightArchery/Content/Other/Master.uasset" 110
"../../../../../../Users/dev_console/Projects/TwilightArchery/Content/Other/MasterMix.uasset" 111
"../../../../../../Users/dev_console/Projects/TwilightArchery/Content/Assets/Bow/Meshes/NewBow_Skeleton.uasset" 112
"../../../../../../Users/dev_console/Projects/TwilightArchery/Content/Assets/Bow/Animations/PrepareCharge.uasset" 113
"../../../../../../Users/dev_console/Projects/TwilightArchery/Content/Assets/Bow/Animations/PreparaCharge2.uasset" 114
"../../../../../../Users/dev_console/Projects/TwilightArchery/Content/Assets/Bow/Animations/Charge3.uasset" 115
"../../../../../../Users/dev_console/Projects/TwilightArchery/Content/Assets/Bow/Animations/Charge2.uasset" 116
"../../../../../../Users/dev_console/Projects/TwilightArchery/Content/Assets/Bow/Animations/Charge.uasset" 117
"../../../../../../Users/dev_console/Projects/TwilightArchery/Content/Player/BowAnim_BP.uasset" 118
"../../../../../../Users/dev_console/Projects/TwilightArchery/Content/Sounds/Archer/Arrow/HitGround.uasset" 119
"../../../../../../Users/dev_console/Projects/TwilightArchery/Content/Sounds/Archer/Arrow/HitEnemy.uasset" 120
"../../../../../../Users/dev_console/Projects/TwilightArchery/Content/Other/HitWidget.uasset" 121
"../../../../../../Users/dev_console/Projects/TwilightArchery/Content/Other/HitActor.uasset" 122
"../../Plugins/FX/Niagara/Content/Enums/ENiagaraRandomnessMode.uasset" 123
"../../Plugins/FX/Niagara/Content/Functions/GetRandomInfo.uasset" 124
"../../Plugins/FX/Niagara/Content/Functions/RandomRangeFloat.uasset" 125
"../../Plugins/FX/Niagara/Content/Functions/Localspace/SimulationPosition.uasset" 126
"../../Plugins/FX/Niagara/Content/Modules/Spawn/Initialization/InitializeRibbon.uasset" 127
"../../Plugins/FX/Niagara/Content/Modules/Ribbons/ScaleRibbonWidth.uasset" 128
"../../Plugins/FX/Niagara/Content/Functions/Rotation/EulerToQuaternion.uasset" 129
"../../Plugins/FX/Niagara/Content/Functions/Rotation/MultiplyVectorWithQuaternion.uasset" 130
"../../Plugins/FX/Niagara/Content/DynamicInputs/Vectors/RotateVector.uasset" 131
"../../Plugins/FX/Niagara/Content/DynamicInputs/ValueFromCurve/FloatFromCurve.uasset" 132
"../../Plugins/FX/Niagara/Content/DynamicInputs/TypeConversions/VectorFromFloat.uasset" 133
"../../Plugins/FX/Niagara/Content/DynamicInputs/TypeConversions/MakeVector.uasset" 134
"../../Plugins/FX/Niagara/Content/DynamicInputs/Helpers/SimulationPosition.uasset" 135
"../../Plugins/FX/Niagara/Content/DynamicInputs/Angles/Sine.uasset" 136
"../../Plugins/FX/Niagara/Content/DynamicInputs/Angles/Cosine.uasset" 137
"../../Plugins/FX/Niagara/Content/DynamicInputs/Add/Add_Vector.uasset" 138
"../../Plugins/FX/Niagara/Content/DefaultAssets/DefaultRIbbonMaterial.uasset" 139
"../../Plugins/FX/Niagara/Content/Modules/Emitter/SpawnPerFrame.uasset" 140
"../../Plugins/FX/Niagara/Content/Enums/ENiagaraSystemInactiveMode.uasset" 141
"../../Plugins/FX/Niagara/Content/Enums/ENiagaraInactiveMode.uasset" 142
"../../Plugins/FX/Niagara/Content/Enums/ENiagaraEmitterScalabilityMode_Limited.uasset" 143
"../../Plugins/FX/Niagara/Content/Enums/ENiagaraEmitterLifeCycleMode.uasset" 144
"../../Plugins/FX/Niagara/Content/Enums/ENiagara_InfiniteLoopDuration.uasset" 145
"../../Plugins/FX/Niagara/Content/Enums/ENiagara_EmitterStateOptions.uasset" 146
"../../Plugins/FX/Niagara/Content/Functions/RandomUnitVector.uasset" 147
"../../Plugins/FX/Niagara/Content/Functions/RandomVector.uasset" 148
"../../Plugins/FX/Niagara/Content/Modules/Update/Position/JitterPosition.uasset" 149
"../../Plugins/FX/Niagara/Content/Modules/Update/Lifetime/ParticleState.uasset" 150
"../../Plugins/FX/Niagara/Content/Modules/Update/Color/Color.uasset" 151
"../../Plugins/FX/Niagara/Content/Functions/System/SystemChangeState.uasset" 152
"../../Plugins/FX/Niagara/Content/Modules/System/SystemState.uasset" 153
"../../Plugins/FX/Niagara/Content/Functions/Emitter/EmitterChangeState.uasset" 154
"../../Plugins/FX/Niagara/Content/Enums/ENiagaraExecutionStateManagement.uasset" 155
"../../Plugins/FX/Niagara/Content/Modules/Emitter/EmitterState.uasset" 156
"../../Plugins/FX/Niagara/Content/DynamicInputs/ValueFromCurve/ColorFromCurve.uasset" 157
"../../../../../../Users/dev_console/Projects/TwilightArchery/Content/FX/TrailArrow_FX.uasset" 158
"../../../../../../Users/dev_console/Projects/TwilightArchery/Content/Assets/Arrow/Textures/wing_mt_opacity.uasset" 159
"../../../../../../Users/dev_console/Projects/TwilightArchery/Content/Assets/Arrow/Textures/wing_mt_AO.uasset" 160
"../../../../../../Users/dev_console/Projects/TwilightArchery/Content/Assets/Arrow/Textures/wing_mt_albedo.uasset" 161
"../../../../../../Users/dev_console/Projects/TwilightArchery/Content/Assets/Arrow/Materials/wing_mt.uasset" 162
"../../../../../../Users/dev_console/Projects/TwilightArchery/Content/Assets/Arrow/Textures/arrow_mt_roughness.uasset" 163
"../../../../../../Users/dev_console/Projects/TwilightArchery/Content/Assets/Arrow/Textures/arrow_mt_normal.uasset" 164
"../../../../../../Users/dev_console/Projects/TwilightArchery/Content/Assets/Arrow/Textures/arrow_mt_metallic.uasset" 165
"../../../../../../Users/dev_console/Projects/TwilightArchery/Content/Assets/Arrow/Textures/arrow_mt_AO.uasset" 166
"../../../../../../Users/dev_console/Projects/TwilightArchery/Content/Assets/Arrow/Textures/arrow_mt_albedo.uasset" 167
"../../../../../../Users/dev_console/Projects/TwilightArchery/Content/Assets/Arrow/Materials/arrow_mt.uasset" 168
"../../../../../../Users/dev_console/Projects/TwilightArchery/Content/Assets/Arrow/Meshes/NewArrow.uasset" 169
"../../../../../../Users/dev_console/Projects/TwilightArchery/Content/Player/Arrow_BP.uasset" 170
"../../../../../../Users/dev_console/Projects/TwilightArchery/Content/Sounds/Archer/Arrow/TakeArrow.uasset" 171
"../../../../../../Users/dev_console/Projects/TwilightArchery/Content/Sounds/Archer/ArcherFootsteps/FootstepsLeaves_BW_7895.uasset" 172
"../../../../../../Users/dev_console/Projects/TwilightArchery/Content/Sounds/Archer/ArcherFootsteps/FootstepsLeaves_BW_7893.uasset" 173
"../../../../../../Users/dev_console/Projects/TwilightArchery/Content/Sounds/Archer/ArcherFootsteps/FootstepsLeaves_BW_7892.uasset" 174
"../../../../../../Users/dev_console/Projects/TwilightArchery/Content/Sounds/Archer/ArcherFootsteps/FootstepsLeaves_BW_7891.uasset" 175
"../../../../../../Users/dev_console/Projects/TwilightArchery/Content/Sounds/Archer/ArcherFootsteps/FootstepsLeaves_BW_7890.uasset" 176
"../../../../../../Users/dev_console/Projects/TwilightArchery/Content/Sounds/Archer/ArcherFootsteps/FOOTSTEPS_SNEAKERS_GRASS_STEP05.uasset" 177
"../../../../../../Users/dev_console/Projects/TwilightArchery/Content/Sounds/Archer/ArcherFootsteps/FOOTSTEPS_SNEAKERS_GRASS_STEP04.uasset" 178
"../../../../../../Users/dev_console/Projects/TwilightArchery/Content/Sounds/Archer/ArcherFootsteps/FOOTSTEPS_SNEAKERS_GRASS_STEP03.uasset" 179
"../../../../../../Users/dev_console/Projects/TwilightArchery/Content/Sounds/Archer/ArcherFootsteps/FOOTSTEPS_SNEAKERS_GRASS_STEP02.uasset" 180
"../../../../../../Users/dev_console/Projects/TwilightArchery/Content/Sounds/Archer/ArcherFootsteps/FOOTSTEPS_SNEAKERS_GRASS_STEP01.uasset" 181
"../../../../../../Users/dev_console/Projects/TwilightArchery/Content/Sounds/Archer/ArcherFootsteps/ArcherSteps.uasset" 182
"../../../../../../Users/dev_console/Projects/TwilightArchery/Content/Sounds/Archer/ArcherFootsteps/ArcherSteps_Notify.uasset" 183
"../../../../../../Users/dev_console/Projects/TwilightArchery/Content/Assets/Archer/Animations/StandingRunForward.uasset" 184
"../../../../../../Users/dev_console/Projects/TwilightArchery/Content/Assets/Archer/Animations/StandingRunRight.uasset" 185
"../../../../../../Users/dev_console/Projects/TwilightArchery/Content/Assets/Archer/Animations/StandingIdle01.uasset" 186
"../../../../../../Users/dev_console/Projects/TwilightArchery/Content/Assets/Archer/Animations/StandingRunBack.uasset" 187
"../../../../../../Users/dev_console/Projects/TwilightArchery/Content/Assets/Archer/Animations/StandingRunLeft.uasset" 188
"../../../../../../Users/dev_console/Projects/TwilightArchery/Content/Assets/Archer/Animations/Blendspaces/StandingStrafe.uasset" 189
"../../../../../../Users/dev_console/Projects/TwilightArchery/Content/Assets/Archer/Animations/StandingSprintForward.uasset" 190
"../../../../../../Users/dev_console/Projects/TwilightArchery/Content/Assets/Archer/Animations/Blendspaces/StandingIdleRun.uasset" 191
"../../../../../../Users/dev_console/Projects/TwilightArchery/Content/Assets/Archer/Animations/Crouched_To_Standing.uasset" 192
"../../../../../../Users/dev_console/Projects/TwilightArchery/Content/Assets/Archer/Animations/StandingAimOverdraw2.uasset" 193
"../../../../../../Users/dev_console/Projects/TwilightArchery/Content/Assets/Archer/Animations/StandingAimOverdraw.uasset" 194
"../../../../../../Users/dev_console/Projects/TwilightArchery/Content/Assets/Archer/Animations/StandingAimOverdrawUp.uasset" 195
"../../../../../../Users/dev_console/Projects/TwilightArchery/Content/Assets/Archer/Animations/Blendspaces/AimOffsetOverdraw.uasset" 196
"../../../../../../Users/dev_console/Projects/TwilightArchery/Content/Assets/Archer/Animations/StandingDiveForward.uasset" 197
"../../../../../../Users/dev_console/Projects/TwilightArchery/Content/Assets/Archer/Animations/StandingDrawArrow.uasset" 198
"../../../../../../Users/dev_console/Projects/TwilightArchery/Content/Assets/Archer/Animations/StandingJumpLand.uasset" 199
"../../../../../../Users/dev_console/Projects/TwilightArchery/Content/Assets/Archer/Animations/StandingFallLoop.uasset" 200
"../../../../../../Users/dev_console/Projects/TwilightArchery/Content/Assets/Archer/Animations/Standing_Death_Forward_02.uasset" 201
"../../../../../../Users/dev_console/Projects/TwilightArchery/Content/Assets/Archer/Animations/StandingAimShoot.uasset" 202
"../../../../../../Users/dev_console/Projects/TwilightArchery/Content/Assets/Archer/Animations/StandingAimShootDown.uasset" 203
"../../../../../../Users/dev_console/Projects/TwilightArchery/Content/Assets/Archer/Animations/StandingAimShootUp.uasset" 204
"../../../../../../Users/dev_console/Projects/TwilightArchery/Content/Assets/Archer/Animations/Blendspaces/AimOffsetShoot.uasset" 205
"../../../../../../Users/dev_console/Projects/TwilightArchery/Content/Assets/Archer/Animations/StandingHangCrouch.uasset" 206
"../../../../../../Users/dev_console/Projects/TwilightArchery/Content/Assets/Archer/Animations/reactHitRight.uasset" 207
"../../../../../../Users/dev_console/Projects/TwilightArchery/Content/Assets/Archer/Animations/reactHitLeft.uasset" 208
"../../../../../../Users/dev_console/Projects/TwilightArchery/Content/Assets/Archer/Animations/reactHitFront.uasset" 209
"../../../../../../Users/dev_console/Projects/TwilightArchery/Content/Assets/Archer/Animations/reactHitBack.uasset" 210
"../../../../../../Users/dev_console/Projects/TwilightArchery/Content/Assets/Archer/Animations/Blendspaces/StandingHitReact.uasset" 211
"../../../../../../Users/dev_console/Projects/TwilightArchery/Content/Assets/Archer/Animations/StandingJumpStart3.uasset" 212
"../../../../../../Users/dev_console/Projects/TwilightArchery/Content/Player/ArcherAnim_BP.uasset" 213
"../../../../../../Users/dev_console/Projects/TwilightArchery/Content/Player/AimingCurve.uasset" 214
"../../Plugins/FX/Niagara/Content/Enums/ENiagaraCoordinateSpace.uasset" 215
"../../Plugins/FX/Niagara/Content/Functions/DirectionAndLengthSafe.uasset" 216
"../../Plugins/FX/Niagara/Content/Functions/NormalizeDistanceRange.uasset" 217
"../../Plugins/FX/Niagara/Content/Functions/DistanceBasedFalloff.uasset" 218
"../../Plugins/FX/Niagara/Content/Functions/Localspace/TransformBase.uasset" 219
"../../Plugins/FX/Niagara/Content/Functions/Localspace/TransformVector.uasset" 220
"../../Plugins/FX/Niagara/Content/Modules/Spawn/Velocity/AddVelocityFromPoint.uasset" 221
"../../Plugins/FX/Niagara/Content/Enums/ENiagaraExpansionMode.uasset" 222
"../../Plugins/FX/Niagara/Content/Enums/ENiagaraSphereDistributionMode.uasset" 223
"../../Plugins/FX/Niagara/Content/Enums/ENiagaraRandomnessEvaluation.uasset" 224
"../../Plugins/FX/Niagara/Content/Enums/ENiagaraChannelCorrelation.uasset" 225
"../../Plugins/FX/Niagara/Content/Enums/ENiagara_UVFlippingMode.uasset" 226
"../../Plugins/FX/Niagara/Content/Enums/ENiagara_SpriteRotationMode.uasset" 227
"../../Plugins/FX/Niagara/Content/Enums/ENiagara_SizeScaleMode.uasset" 228
"../../Plugins/FX/Niagara/Content/Enums/ENiagara_PositionInitializationMode.uasset" 229
"../../Plugins/FX/Niagara/Content/Enums/ENiagara_MassInitializationMode.uasset" 230
"../../Plugins/FX/Niagara/Content/Enums/ENiagara_LifetimeMode.uasset" 231
"../../Plugins/FX/Niagara/Content/Enums/ENiagara_ColorInitializationMode.uasset" 232
"../../Plugins/FX/Niagara/Content/Modules/Update/Size/ScaleSpriteSize.uasset" 233
"../../Plugins/FX/Niagara/Content/Modules/Update/Forces/V2/PointAttractionForce.uasset" 234
"../../Plugins/FX/Niagara/Content/Functions/SphericalToCartesianCoordinates.uasset" 235
"../../Plugins/FX/Niagara/Content/Functions/V2/CalculateRandomRange.uasset" 236
"../../Plugins/FX/Niagara/Content/Functions/V2/CalculateRandomPointInSphere.uasset" 237
"../../Plugins/FX/Niagara/Content/Functions/Rotation/FindQuatBetween.uasset" 238
"../../Plugins/FX/Niagara/Content/Modules/Spawn/Location/V2/SphereLocation.uasset" 239
"../../Plugins/FX/Niagara/Content/Functions/DeriveThirdOrthogonalVector.uasset" 240
"../../Plugins/FX/Niagara/Content/Modules/Spawn/Location/RotateAroundPoint.uasset" 241
"../../Plugins/FX/Niagara/Content/Functions/V2/CalculateRandomRangeFloat.uasset" 242
"../../Plugins/FX/Niagara/Content/Functions/LinearColor/HueShiftLinearColor.uasset" 243
"../../Plugins/FX/Niagara/Content/Functions/V2/CalculateRandomRangeInteger.uasset" 244
"../../Plugins/FX/Niagara/Content/Functions/V2/CalculateRandomBool.uasset" 245
"../../Plugins/FX/Niagara/Content/Modules/Spawn/Initialization/V2/InitializeParticle.uasset" 246
"../../Plugins/FX/Niagara/Content/Modules/Solvers/SolveForcesAndVelocity.uasset" 247
"../../Plugins/FX/Niagara/Content/Modules/Emitter/SpawnRate.uasset" 248
"../../Plugins/FX/Niagara/Content/Modules/Emitter/SpawnBurst_Instantaneous.uasset" 249
"../../Plugins/FX/Niagara/Content/DynamicInputs/ValueFromCurve/Vector2DFromCurve.uasset" 250
"../../Plugins/FX/Niagara/Content/DynamicInputs/UniformRange/V3/RandomRangeLinearColor.uasset" 251
"../../Plugins/FX/Niagara/Content/DynamicInputs/UniformRange/V2/RandomRangeFloat.uasset" 252
"../../Plugins/FX/Niagara/Content/Functions/V2/CalculateRandomUnitVector.uasset" 253
"../../Plugins/FX/Niagara/Content/DynamicInputs/Random/V2/RandomVector.uasset" 254
"../../Plugins/FX/Niagara/Content/DynamicInputs/Add/Add_Float.uasset" 255
"../../Plugins/FX/Niagara/Content/DefaultAssets/DefaultSpriteMaterial.uasset" 256
"../../../../../../Users/dev_console/Projects/TwilightArchery/Content/FX/TestFX.uasset" 257
"../../../../../../Users/dev_console/Projects/TwilightArchery/Content/FX/ShootCameraShake_BP.uasset" 258
"../../../../../../Users/dev_console/Projects/TwilightArchery/Content/Sounds/Archer/PlayerDeath.uasset" 259
"../../../../../../Users/dev_console/Projects/TwilightArchery/Content/Sounds/Archer/Dodge.uasset" 260
"../../../../../../Users/dev_console/Projects/TwilightArchery/Content/Sounds/Archer/Cough.uasset" 261
"../../../../../../Users/dev_console/Projects/TwilightArchery/Content/Sounds/Archer/Arrow/MaxCharge.uasset" 262
"../../../../../../Users/dev_console/Projects/TwilightArchery/Content/Sounds/Archer/Arrow/BowCharge.uasset" 263
"../../../../../../Users/dev_console/Projects/TwilightArchery/Content/Sounds/Archer/Arrow/ARCHERY_HUNTING_BOW_FIRING05.uasset" 264
"../../../../../../Users/dev_console/Projects/TwilightArchery/Content/Sounds/Archer/Arrow/ARCHERY_HUNTING_BOW_FIRING04.uasset" 265
"../../../../../../Users/dev_console/Projects/TwilightArchery/Content/Sounds/Archer/Arrow/ARCHERY_HUNTING_BOW_FIRING03.uasset" 266
"../../../../../../Users/dev_console/Projects/TwilightArchery/Content/Sounds/Archer/Arrow/ARCHERY_HUNTING_BOW_FIRING02.uasset" 267
"../../../../../../Users/dev_console/Projects/TwilightArchery/Content/Sounds/Archer/Arrow/ARCHERY_HUNTING_BOW_FIRING01.uasset" 268
"../../../../../../Users/dev_console/Projects/TwilightArchery/Content/Sounds/Archer/Arrow/ArrowCue.uasset" 269
"../../../../../../Users/dev_console/Projects/TwilightArchery/Content/Sounds/Archer/Archer_Jump.uasset" 270
"../../../../../../Users/dev_console/Projects/TwilightArchery/Content/FX/MaxCharge_FX.uasset" 271
"../../../../../../Users/dev_console/Projects/TwilightArchery/Content/Assets/Bow/Meshes/NewBow_PhysicsAsset.uasset" 272
"../../../../../../Users/dev_console/Projects/TwilightArchery/Content/Assets/Bow/Textures/bow_wood_mt_roughness.uasset" 273
"../../../../../../Users/dev_console/Projects/TwilightArchery/Content/Assets/Bow/Textures/bow_wood_mt_normal.uasset" 274
"../../../../../../Users/dev_console/Projects/TwilightArchery/Content/Assets/Bow/Textures/bow_wood_mt_metallic.uasset" 275
"../../../../../../Users/dev_console/Projects/TwilightArchery/Content/Assets/Bow/Textures/bow_wood_mt_AO.uasset" 276
"../../../../../../Users/dev_console/Projects/TwilightArchery/Content/Assets/Bow/Textures/bow_wood_mt_albedo.uasset" 277
"../../../../../../Users/dev_console/Projects/TwilightArchery/Content/Assets/Bow/Materials/bow_wood_mt.uasset" 278
"../../../../../../Users/dev_console/Projects/TwilightArchery/Content/Assets/Bow/Textures/bow_metal_mt_roughness.uasset" 279
"../../../../../../Users/dev_console/Projects/TwilightArchery/Content/Assets/Bow/Textures/bow_metal_mt_normal.uasset" 280
"../../../../../../Users/dev_console/Projects/TwilightArchery/Content/Assets/Bow/Textures/bow_metal_mt_metallic.uasset" 281
"../../../../../../Users/dev_console/Projects/TwilightArchery/Content/Assets/Bow/Textures/bow_metal_mt_AO.uasset" 282
"../../../../../../Users/dev_console/Projects/TwilightArchery/Content/Assets/Bow/Textures/bow_metal_mt_albedo.uasset" 283
"../../../../../../Users/dev_console/Projects/TwilightArchery/Content/Assets/Bow/Materials/bow_metal_mt.uasset" 284
"../../../../../../Users/dev_console/Projects/TwilightArchery/Content/Assets/Bow/Meshes/NewBow.uasset" 285
"../../../../../../Users/dev_console/Projects/TwilightArchery/Content/Assets/Archer/Meshes/StandingRunLeft_PhysicsAsset.uasset" 286
"../../../../../../Users/dev_console/Projects/TwilightArchery/Content/Assets/Archer/Textures/FemaleFitA_Body_diffuse_ncl1_1.uasset" 287
"../../../../../../Users/dev_console/Projects/TwilightArchery/Content/Assets/Archer/Materials/Lashes_MAT.uasset" 288
"../../../../../../Users/dev_console/Projects/TwilightArchery/Content/Assets/Archer/Textures/FemaleFitA_Body_diffuse.uasset" 289
"../../../../../../Users/dev_console/Projects/TwilightArchery/Content/Assets/Archer/Textures/FemaleFitA_StdNM.uasset" 290
"../../../../../../Users/dev_console/Projects/TwilightArchery/Content/Assets/Archer/Materials/EyeSpec_MAT.uasset" 291
"../../../../../../Users/dev_console/Projects/TwilightArchery/Content/Assets/Archer/Materials/Body_MAT.uasset" 292
"../../../../../../Users/dev_console/Projects/TwilightArchery/Content/Assets/Archer/Textures/Erika_Archer_Clothes_normal.uasset" 293
"../../../../../../Users/dev_console/Projects/TwilightArchery/Content/Assets/Archer/Textures/Erika_Archer_Clothes_diffuse.uasset" 294
"../../../../../../Users/dev_console/Projects/TwilightArchery/Content/Assets/Archer/Materials/Akai_MAT.uasset" 295
"../../../../../../Users/dev_console/Projects/TwilightArchery/Content/Assets/Archer/Meshes/MeshPlayer.uasset" 296
"../../../../../../Users/dev_console/Projects/TwilightArchery/Content/Player/TwilightArcheryCharacter_BP.uasset" 297
"../../../../../../Users/dev_console/Projects/TwilightArchery/Content/Player/Stamina.uasset" 298
"../../../../../../Users/dev_console/Projects/TwilightArchery/Content/Sounds/AttenuationSound.uasset" 299
"../../../../../../Users/dev_console/Projects/TwilightArchery/Content/Sounds/Archer/ArcherFootsteps/FootstepsLeaves_BW_7894.uasset" 300
"../../../../../../Users/dev_console/Projects/TwilightArchery/Content/Sounds/MonsterFootSteps/MonsterFootsteps_BW_12646.uasset" 301
"../../../../../../Users/dev_console/Projects/TwilightArchery/Content/Sounds/MonsterFootSteps/MonsterFootsteps_BW_12647.uasset" 302
"../../../../../../Users/dev_console/Projects/TwilightArchery/Content/Sounds/MonsterFootSteps/MonsterFootsteps_BW_12648.uasset" 303
"../../../../../../Users/dev_console/Projects/TwilightArchery/Content/Sounds/MonsterFootSteps/MonsterFootsteps_BW_12649.uasset" 304
"../../../../../../Users/dev_console/Projects/TwilightArchery/Content/Sounds/MonsterFootSteps/MonsterFootsteps_BW_12650.uasset" 305
"../../../../../../Users/dev_console/Projects/TwilightArchery/Content/Sounds/MonsterFootSteps/MonsterFootsteps_BW_12651.uasset" 306
"../../../../../../Users/dev_console/Projects/TwilightArchery/Content/ThirdPersonCPP/Maps/ThirdPersonExampleMap_BuiltData.uasset" 307
"../../../Engine/Content/EngineMaterials/T_Default_Material_Grid_N.uasset" 308
"../../../Engine/Content/EngineMaterials/T_Default_Material_Grid_M.uasset" 309
"../../../Engine/Content/Functions/Engine_MaterialFunctions01/Opacity/CameraDepthFade.uasset" 310
"../../../Engine/Content/EngineMaterials/WorldGridMaterial.uasset" 311
"../../../Engine/Content/ArtTools/RenderToTexture/Meshes/S_1_Unit_Plane.uasset" 312
"../../../Engine/Content/EngineMaterials/DefaultMaterial.uasset" 313
"../../../Engine/Content/BasicShapes/Cone.uasset" 314
"../../../Engine/Content/BasicShapes/Cube.uasset" 315
"../../../Engine/Content/BasicShapes/Plane.uasset" 316
"../../../Engine/Content/BasicShapes/Sphere.uasset" 317
"../../../Engine/Content/EditorLandscapeResources/DataLayer.uasset" 318
"../../../Engine/Content/EditorLandscapeResources/DefaultAlphaTexture.uasset" 319
"../../../Engine/Content/EditorMaterials/MAT_Groups_Toggle.uasset" 320
"../../../Engine/Content/EditorMaterials/MAT_Groups_Visibility.uasset" 321
"../../../Engine/Content/EditorMaterials/PreviewShadowIndicator.uasset" 322
"../../../Engine/Content/EditorMaterials/PreviewShadowIndicatorMaterial.uasset" 323
"../../../Engine/Content/EditorMaterials/MatineeGroups/MAT_ColorTrack.uasset" 324
"../../../Engine/Content/EditorMaterials/MatineeGroups/MAT_Groups_Anim.uasset" 325
"../../../Engine/Content/EditorMaterials/MatineeGroups/MAT_Groups_AudioMaster.uasset" 326
"../../../Engine/Content/EditorMaterials/MatineeGroups/MAT_Groups_Director.uasset" 327
"../../../Engine/Content/EditorMaterials/MatineeGroups/MAT_Groups_Event.uasset" 328
"../../../Engine/Content/EditorMaterials/MatineeGroups/MAT_Groups_Fade.uasset" 329
"../../../Engine/Content/EditorMaterials/MatineeGroups/MAT_Groups_Float.uasset" 330
"../../../Engine/Content/EditorMaterials/MatineeGroups/MAT_Groups_Move.uasset" 331
"../../../Engine/Content/EditorMaterials/MatineeGroups/MAT_Groups_Slomo.uasset" 332
"../../../Engine/Content/EditorMaterials/MatineeGroups/MAT_Groups_Sound.uasset" 333
"../../../Engine/Content/EditorMaterials/MatineeGroups/MAT_Groups_Vector.uasset" 334
"../../../Engine/Content/EditorMaterials/ParticleSystems/PSysThumbnail_NoImage.uasset" 335
"../../../Engine/Content/EditorMaterials/ParticleSystems/PSysThumbnail_OOD.uasset" 336
"../../../Engine/Content/EditorMaterials/Camera/CineMat.uasset" 337
"../../../Engine/Content/EditorMaterials/Camera/MI_CineMat_Rig.uasset" 338
"../../../Engine/Content/EditorMeshes/Camera/SM_CraneRig_Arm.uasset" 339
"../../../Engine/Content/EditorMeshes/Camera/SM_CraneRig_Base.uasset" 340
"../../../Engine/Content/EditorMeshes/Camera/SM_CraneRig_Body.uasset" 341
"../../../Engine/Content/EditorMeshes/Camera/SM_CraneRig_Mount.uasset" 342
"../../../Engine/Content/EditorMeshes/Camera/SM_RailRig_Mount.uasset" 343
"../../../Engine/Content/EditorMeshes/Camera/SM_RailRig_Track.uasset" 344
"../../../Engine/Content/EditorResources/BSPVertex.uasset" 345
"../../../Engine/Content/EditorResources/EmptyActor.uasset" 346
"../../../Engine/Content/EditorResources/S_Actor.uasset" 347
"../../../Engine/Content/EditorResources/S_Note.uasset" 348
"../../../Engine/Content/EditorResources/S_Solver.uasset" 349
"../../../Engine/Content/EditorResources/S_Terrain.uasset" 350
"../../../Engine/Content/EditorResources/S_Trigger.uasset" 351
"../../../Engine/Content/EditorResources/LightIcons/S_LightError.uasset" 352
"../../../Engine/Content/EditorResources/SequenceRecorder/Countdown.uasset" 353
"../../../Engine/Content/EditorResources/SequenceRecorder/RecordingIndicator.uasset" 354
"../../../Engine/Content/EngineDamageTypes/DmgTypeBP_Environmental.uasset" 355
"../../../Engine/Content/EngineDebugMaterials/DebugEditorMaterial.uasset" 356
"../../../Engine/Content/EngineDebugMaterials/DebugMeshMaterial.uasset" 357
"../../../Engine/Content/EngineDebugMaterials/M_SimpleUnlitTranslucent.uasset" 358
"../../../Engine/Content/EngineDebugMaterials/VolumeToRender.uasset" 359
"../../../Engine/Content/Functions/Engine_MaterialFunctions02/Utility/CameraDirectionVector.uasset" 360
"../../../Engine/Content/EngineDebugMaterials/M_VolumeRenderSphereTracePP.uasset" 361
"../../../Engine/Content/Functions/Engine_MaterialFunctions01/Shading/ConvertFromDiffSpec.uasset" 362
"../../../Engine/Content/EngineDebugMaterials/VertexColorMaterial.uasset" 363
"../../../Engine/Content/EngineDebugMaterials/WireframeMaterial.uasset" 364
"../../../Engine/Content/EngineFonts/Faces/RobotoRegular.uasset" 365
"../../../Engine/Content/EngineFonts/Faces/RobotoLight.uasset" 366
"../../../Engine/Content/EngineFonts/Faces/RobotoItalic.uasset" 367
"../../../Engine/Content/EngineFonts/Faces/RobotoBoldItalic.uasset" 368
"../../../Engine/Content/EngineFonts/Faces/RobotoBold.uasset" 369
"../../../Engine/Content/EngineFonts/Faces/DroidSansFallback.uasset" 370
"../../../Engine/Content/EngineFonts/Roboto.uasset" 371
"../../../Engine/Content/EngineMaterials/BaseFlattenNormalMap.uasset" 372
"../../../Engine/Content/EngineMaterials/BaseFlattenGrayscaleMap.uasset" 373
"../../../Engine/Content/EngineMaterials/BaseFlattenEmissiveMap.uasset" 374
"../../../Engine/Content/EngineMaterials/BaseFlattenDiffuseMap.uasset" 375
"../../../Engine/Content/EngineMaterials/BaseFlattenMaterial.uasset" 376
"../../../Engine/Content/EngineMaterials/BlueNoise.uasset" 377
"../../../Engine/Content/EngineMaterials/DefaultBloomKernel.uasset" 378
"../../../Engine/Content/EngineMaterials/DefaultBokeh.uasset" 379
"../../../Engine/Content/EngineMaterials/DefaultDeferredDecalMaterial.uasset" 380
"../../../Engine/Content/EngineMaterials/DefaultLightFunctionMaterial.uasset" 381
"../../../Engine/Content/Functions/Engine_MaterialFunctions02/Utility/BreakOutFloat2Components.uasset" 382
"../../../Engine/Content/EngineMaterials/DefaultPostProcessMaterial.uasset" 383
"../../../Engine/Content/EngineFonts/RobotoDistanceField.uasset" 384
"../../../Engine/Content/EngineMaterials/DefaultTextMaterialOpaque.uasset" 385
"../../../Engine/Content/EngineMaterials/DefaultWhiteGrid.uasset" 386
"../../../Engine/Content/EngineMaterials/DefaultWhiteGrid_Low.uasset" 387
"../../../Engine/Content/EngineMaterials/EmissiveMeshMaterial.uasset" 388
"../../../Engine/Content/EngineMaterials/GizmoMaterial.uasset" 389
"../../../Engine/Content/EngineMaterials/Good64x64TilingNoiseHighFreq.uasset" 390
"../../../Engine/Content/EngineMaterials/MiniFont.uasset" 391
"../../../Engine/Content/EngineMaterials/InvalidLightmapSettings.uasset" 392
"../../../Engine/Content/EngineMaterials/M_InvalidLightmapSettings.uasset" 393
"../../../Engine/Content/Functions/Engine_MaterialFunctions02/WorldPositionOffset/CameraOffset.uasset" 394
"../../../Engine/Content/EngineMaterials/PhAT_JointLimitMaterial.uasset" 395
"../../../Engine/Content/EngineMaterials/PreintegratedSkinBRDF.uasset" 396
"../../../Engine/Content/EngineMaterials/RemoveSurfaceMaterial.uasset" 397
"../../../Engine/Content/EngineResources/WhiteSquareTexture.uasset" 398
"../../../Engine/Content/EngineMaterials/Widget3DPassThrough.uasset" 399
"../../../Engine/Content/EngineMaterials/Widget3DPassThrough_Masked.uasset" 400
"../../../Engine/Content/EngineMaterials/Widget3DPassThrough_Opaque.uasset" 401
"../../../Engine/Content/EngineMaterials/Widget3DPassThrough_Masked_OneSided.uasset" 402
"../../../Engine/Content/EngineMaterials/Widget3DPassThrough_Opaque_OneSided.uasset" 403
"../../../Engine/Content/EngineMaterials/Widget3DPassThrough_Translucent.uasset" 404
"../../../Engine/Content/EngineMaterials/Widget3DPassThrough_Translucent_OneSided.uasset" 405
"../../../Engine/Content/EngineMeshes/Cylinder.uasset" 406
"../../../Engine/Content/EngineMeshes/Sphere.uasset" 407
"../../../Engine/Content/EngineResources/Black.uasset" 408
"../../../Engine/Content/EngineResources/DefaultTextureCube.uasset" 409
"../../../Engine/Content/EngineResources/DefaultVolumeTexture2D.uasset" 410
"../../../Engine/Content/EngineResources/DefaultVolumeTexture.uasset" 411
"../../../Engine/Content/EngineResources/GradientTexture0.uasset" 412
"../../../Engine/Content/EngineSky/VolumetricClouds/T_NoiseShape64.uasset" 413
"../../../Engine/Content/EngineSky/VolumetricClouds/T_VolumeNoiseShape64.uasset" 414
"../../../Engine/Content/EngineSky/VolumetricClouds/T_NoiseErosion.uasset" 415
"../../../Engine/Content/EngineSky/VolumetricClouds/T_VolumeNoiseErosion32.uasset" 416
"../../../Engine/Content/EngineSky/VolumetricClouds/CloudWeatherTexture.uasset" 417
"../../../Engine/Content/EngineSky/VolumetricClouds/CloudGradientTexture.uasset" 418
"../../../Engine/Content/Functions/Engine_MaterialFunctions02/Utility/MakeFloat2.uasset" 419
"../../../Engine/Content/EngineSky/VolumetricClouds/m_SimpleVolumetricCloud.uasset" 420
"../../../Engine/Content/EngineSky/VolumetricClouds/m_SimpleVolumetricCloud_Inst.uasset" 421
"../../../Engine/Content/Functions/Engine_MaterialFunctions01/Shading/PowerToRoughness.uasset" 422
"../../../Engine/Content/Maps/Templates/Thumbnails/Default.uasset" 423
"../../../Engine/Content/Maps/Templates/Thumbnails/TimeOfDay.uasset" 424
"../../../Engine/Content/Maps/Templates/Thumbnails/VR-Basic.uasset" 425
"../../../Engine/Content/MobileResources/T_MobileControls_texture.uasset" 426
"../../../Engine/Content/MobileResources/T_MobileMenu2.uasset" 427
"../../../Engine/Content/MobileResources/HUD/AnalogHat.uasset" 428
"../../../Engine/Content/MobileResources/HUD/VirtualJoystick_Thumb.uasset" 429
"../../../Engine/Content/MobileResources/HUD/VirtualJoystick_Background.uasset" 430
"../../../Engine/Content/MobileResources/HUD/DefaultVirtualJoysticks.uasset" 431
"../../../Engine/Content/MobileResources/HUD/LeftVirtualJoystickOnly.uasset" 432
"../../../Engine/Content/MobileResources/HUD/MobileHUDButton1_off.uasset" 433
"../../../Engine/Content/MobileResources/HUD/MobileHUDButton1_on.uasset" 434
"../../../Engine/Content/MobileResources/HUD/MobileHUDButton2_off.uasset" 435
"../../../Engine/Content/MobileResources/HUD/MobileHUDButton2_on.uasset" 436
"../../../Engine/Content/MobileResources/HUD/MobileHUDButton3.uasset" 437
"../../../Engine/Content/MobileResources/HUD/MobileHUDButtonFire.uasset" 438
"../../../Engine/Content/MobileResources/HUD/MobileHUDDirectionPad.uasset" 439
"../../../Engine/Content/MobileResources/HUD/MobileHUDDirectionPad2.uasset" 440
"../../../Engine/Content/MobileResources/HUD/MobileHUDDirectionPad3.uasset" 441
"../../../Engine/Content/MobileResources/HUD/MobileHUDDirectionStick.uasset" 442
"../../../Engine/Content/MobileResources/HUD/T_Castle_ThumbstickInner.uasset" 443
"../../../Engine/Content/MobileResources/HUD/T_Castle_ThumbstickOutter.uasset" 444
"../../../Engine/Content/Tutorial/ContentIntroCurve.uasset" 445
"../../../Engine/Content/Tutorial/Basics/LevelEditorAttract.uasset" 446
"../../../Engine/Content/Tutorial/Basics/TutorialAssets/icon_tab_Levels_40x.uasset" 447
"../../../Engine/Content/Tutorial/Basics/LevelEditorOverview.uasset" 448
"../../../Engine/Content/VREditor/TransformGizmo/TranslucentTransformGizmoMaterial.uasset" 449
"../../../Engine/Content/VREditor/LaserPointer/VR_LaserPower_01.uasset" 450
"../../../Engine/Content/VREditor/TransformGizmo/TransformGizmoMaterial.uasset" 451
"../../../Engine/Content/VREditor/TransformGizmo/BoundingBoxCorner.uasset" 452
"../../../Engine/Content/VREditor/TransformGizmo/BoundingBoxEdge.uasset" 453
"../../../Engine/Content/VREditor/TransformGizmo/PlaneTranslationHandle.uasset" 454
"../../../Engine/Content/VREditor/TransformGizmo/Xray.uasset" 455
"../../../Engine/Content/VREditor/TransformGizmo/Main.uasset" 456
"../../../Engine/Content/VREditor/TransformGizmo/SM_Sequencer_Key.uasset" 457
"../../../Engine/Content/VREditor/TransformGizmo/SM_Sequencer_Node.uasset" 458
"../../Plugins/2D/Paper2D/Content/PlaceholderTextures/DummySpriteTexture.uasset" 459
"../../Plugins/2D/Paper2D/Content/DummySprite.uasset" 460
"../../Plugins/2D/Paper2D/Content/DefaultPaperTerrainMaterial.uasset" 461
"../../Plugins/2D/Paper2D/Content/DefaultSpriteMaterial.uasset" 462
"../../Plugins/2D/Paper2D/Content/MaskedUnlitSpriteMaterial.uasset" 463
"../../Plugins/2D/Paper2D/Content/OpaqueUnlitSpriteMaterial.uasset" 464
"../../../Engine/Content/Functions/Engine_MaterialFunctions02/Utility/BreakOutFloat3Components.uasset" 465
"../../Plugins/Editor/SpeedTreeImporter/Content/SpeedTree9/UnpackInteger3.uasset" 466
"../../Plugins/Editor/SpeedTreeImporter/Content/SpeedTree9/UnpackDirection.uasset" 467
"../../Plugins/Editor/SpeedTreeImporter/Content/SpeedTree9/game_wind_noise.uasset" 468
"../../../Engine/Content/Functions/Engine_MaterialFunctions02/SafeNormalize.uasset" 469
"../../Plugins/Editor/SpeedTreeImporter/Content/SpeedTree9/SpeedTreeWindMotion.uasset" 470
"../../Plugins/Editor/SpeedTreeImporter/Content/SpeedTree9/SpeedTreeBranchMotion.uasset" 471
"../../../Engine/Content/Functions/Engine_MaterialFunctions02/ObjectLocalBounds.uasset" 472
"../../../Engine/Content/Functions/Engine_MaterialFunctions02/UVs/BoundingBoxBased_0-1_UVW.uasset" 473
"../../Plugins/Editor/SpeedTreeImporter/Content/SpeedTree9/SpeedTreeWind.uasset" 474
"../../Plugins/Editor/SpeedTreeImporter/Content/SpeedTree9/SpeedTreeBillboard.uasset" 475
"../../../Engine/Content/EngineResources/DefaultTexture.uasset" 476
"../../Plugins/Editor/SpeedTreeImporter/Content/SpeedTree9/SpeedTreeBillboardMaster.uasset" 477
"../../Plugins/Editor/SpeedTreeImporter/Content/SpeedTree9/SpeedTreeCameraFacing.uasset" 478
"../../Plugins/Editor/SpeedTreeImporter/Content/SpeedTree9/SpeedTreeMaster.uasset" 479
"../../../Engine/Content/BasicShapes/Cylinder.uasset" 480
"../../../Engine/Content/ArtTools/RenderToTexture/Materials/Debug/M_Emissive_Color.uasset" 481
"../../Plugins/Lumin/MagicLeapPassableWorld/Content/MagicLeapARPinInfoActor.uasset" 482
"../../../Engine/Content/Functions/Engine_MaterialFunctions02/Utility/BreakOutFloat4Components.uasset" 483
"../../../Engine/Content/Functions/Engine_MaterialFunctions02/Utility/MakeFloat3.uasset" 484
"../../Plugins/Runtime/Oculus/OculusVR/Content/Materials/OculusMR_ChromaKey.uasset" 485
"../../Plugins/Runtime/Oculus/OculusVR/Content/Materials/OculusMR_OpaqueColoredMaterial.uasset" 486
"../../Plugins/Runtime/Oculus/OculusVR/Content/Materials/PokeAHoleMaterial.uasset" 487
"../../../../../../Users/dev_console/Projects/TwilightArchery/Content/Menus/Main/MainMenu_Controller.uasset" 488
"../../../../../../Users/dev_console/Projects/TwilightArchery/Content/Menus/Main/MainMenu_GameMode.uasset" 489
"../../../../../../Users/dev_console/Projects/TwilightArchery/Content/Menus/Main/background.uasset" 490
"../../../../../../Users/dev_console/Projects/TwilightArchery/Content/Assets/Menus/arrow2.uasset" 491
"../../../../../../Users/dev_console/Projects/TwilightArchery/Content/Assets/Menus/Acadian_Runes.uasset" 492
"../../../../../../Users/dev_console/Projects/TwilightArchery/Content/Assets/Menus/Acadian_Runes_Font.uasset" 493
"../../../../../../Users/dev_console/Projects/TwilightArchery/Content/Menus/Main/MainMenu.uasset" 494
"../../../../../../Users/dev_console/Projects/TwilightArchery/Content/Menus/Main/MainMenu_LVL.umap" 495
"../../../Engine/Content/MapTemplates/lut/LUT_Afternoon.uasset" 496
"../../../Engine/Content/EngineSky/T_Sky_Stars.uasset" 497
"../../../Engine/Content/EngineSky/T_Sky_Clouds_M.uasset" 498
"../../../Engine/Content/EngineMaterials/DefaultPhysicalMaterial.uasset" 499
"../../../Engine/Content/EngineSky/T_Sky_Blue.uasset" 500
"../../../Engine/Content/EngineSky/M_Sky_Panning_Clouds2.uasset" 501
"../../../../../../Users/dev_console/Projects/TwilightArchery/Content/Levels/TwilightArcheryMap_BuiltData.uasset" 502
"../../../../../../Users/dev_console/Projects/TwilightArchery/Content/Menus/Win.uasset" 503
"../../../../../../Users/dev_console/Projects/TwilightArchery/Content/Menus/GameOver.uasset" 504
"../../../../../../Users/dev_console/Projects/TwilightArchery/Content/Player/HUD.uasset" 505
"../../../../../../Users/dev_console/Projects/TwilightArchery/Content/Menus/Pause.uasset" 506
"../../../../../../Users/dev_console/Projects/TwilightArchery/Content/Assets/Textures/crosshair.uasset" 507
"../../../../../../Users/dev_console/Projects/TwilightArchery/Content/Assets/Textures/circle.uasset" 508
"../../../../../../Users/dev_console/Projects/TwilightArchery/Content/Player/PlayerAim.uasset" 509
"../../../../../../Users/dev_console/Projects/TwilightArchery/Content/Player/PlayerHud.uasset" 510
"../../../../../../Users/dev_console/Projects/TwilightArchery/Content/Player/TwilightArcheryGameMode_BP.uasset" 511
"../../../../../../Users/dev_console/Projects/TwilightArchery/Content/Assets/ModularLostRuinKit/Textures/Nature/T_IBL.uasset" 512
"../../../../../../Users/dev_console/Projects/TwilightArchery/Content/Assets/ModularLostRuinKit/Materials/MasterMaterials/M_Structure.uasset" 513
"../../../../../../Users/dev_console/Projects/TwilightArchery/Content/Assets/ModularLostRuinKit/Materials/Props/MI_Broken_Bricks.uasset" 514
"../../../../../../Users/dev_console/Projects/TwilightArchery/Content/Assets/ModularLostRuinKit/Models/Props/Debris/SM_Rock_Debris_4X4_1.uasset" 515
"../../../../../../Users/dev_console/Projects/TwilightArchery/Content/Assets/ModularLostRuinKit/Models/Props/Debris/SM_Rock_Debris_4X4.uasset" 516
"../../../../../../Users/dev_console/Projects/TwilightArchery/Content/Assets/ModularLostRuinKit/Models/Props/Debris/SM_Rock_Debris_2X1.uasset" 517
"../../../../../../Users/dev_console/Projects/TwilightArchery/Content/Assets/ModularLostRuinKit/Models/Props/Debris/SM_Rock_Debris_1X1_4.uasset" 518
"../../../../../../Users/dev_console/Projects/TwilightArchery/Content/Assets/ModularLostRuinKit/Models/Props/Debris/SM_Rock_Debris_1X1_3.uasset" 519
"../../../../../../Users/dev_console/Projects/TwilightArchery/Content/Assets/ModularLostRuinKit/Models/Props/Debris/SM_Rock_Debris_1X1_2.uasset" 520
"../../../../../../Users/dev_console/Projects/TwilightArchery/Content/Assets/ModularLostRuinKit/Models/Props/Debris/SM_Rock_Debris_1X1_1.uasset" 521
"../../../../../../Users/dev_console/Projects/TwilightArchery/Content/Assets/ModularLostRuinKit/Models/Props/Debris/SM_Rock_Debris_1X1.uasset" 522
"../../../../../../Users/dev_console/Projects/TwilightArchery/Content/Assets/ModularLostRuinKit/Models/Nature/Rocks/WithFoliage/SM_Wall_Rock_Set_7_Fol.uasset" 523
"../../../../../../Users/dev_console/Projects/TwilightArchery/Content/Assets/ModularLostRuinKit/Models/Nature/Rocks/WithFoliage/SM_Wall_Rock_Set_4_Fol.uasset" 524
"../../../../../../Users/dev_console/Projects/TwilightArchery/Content/Assets/ModularLostRuinKit/Models/Nature/Rocks/WithFoliage/SM_Wall_Rock_Set_3_Fol.uasset" 525
"../../../../../../Users/dev_console/Projects/TwilightArchery/Content/Assets/ModularLostRuinKit/Models/Nature/Rocks/WithFoliage/SM_Wall_Rock_Set_1_Fol.uasset" 526
"../../../../../../Users/dev_console/Projects/TwilightArchery/Content/Assets/ModularLostRuinKit/Textures/Nature/Rocks/T_Rock_Plate_N.uasset" 527
"../../../../../../Users/dev_console/Projects/TwilightArchery/Content/Assets/ModularLostRuinKit/Textures/Nature/Rocks/T_Rock_Plate_M.uasset" 528
"../../../../../../Users/dev_console/Projects/TwilightArchery/Content/Assets/ModularLostRuinKit/Materials/Nature/Rocks/MI_Plate_Rock.uasset" 529
"../../../../../../Users/dev_console/Projects/TwilightArchery/Content/Assets/ModularLostRuinKit/Models/Nature/Rocks/WithFoliage/SM_Plate_Rock_4_Fol.uasset" 530
"../../../../../../Users/dev_console/Projects/TwilightArchery/Content/Assets/ModularLostRuinKit/Models/Nature/Rocks/WithFoliage/SM_Plate_Rock_3_Fol.uasset" 531
"../../../../../../Users/dev_console/Projects/TwilightArchery/Content/Assets/ModularLostRuinKit/Models/Nature/Rocks/WithFoliage/SM_Plate_Rock_2_Fol.uasset" 532
"../../../../../../Users/dev_console/Projects/TwilightArchery/Content/Assets/ModularLostRuinKit/Models/Nature/Rocks/WithFoliage/SM_Plate_Rock_1_Fol.uasset" 533
"../../../../../../Users/dev_console/Projects/TwilightArchery/Content/Assets/ModularLostRuinKit/Models/Nature/Rocks/SM_Wall_Rock_Set_4.uasset" 534
"../../../../../../Users/dev_console/Projects/TwilightArchery/Content/Assets/ModularLostRuinKit/Models/Nature/Rocks/SM_Wall_Rock_Set_3.uasset" 535
"../../../../../../Users/dev_console/Projects/TwilightArchery/Content/Assets/ModularLostRuinKit/Models/Nature/Rocks/SM_Wall_Rock_Set_2.uasset" 536
"../../../../../../Users/dev_console/Projects/TwilightArchery/Content/Assets/ModularLostRuinKit/Models/Nature/Rocks/SM_Wall_Rock_Set_1.uasset" 537
"../../../../../../Users/dev_console/Projects/TwilightArchery/Content/Assets/ModularLostRuinKit/Models/Nature/Rocks/SM_Plate_Rock_4.uasset" 538
"../../../../../../Users/dev_console/Projects/TwilightArchery/Content/Assets/ModularLostRuinKit/Models/Nature/Rocks/SM_Plate_Rock_3.uasset" 539
"../../../../../../Users/dev_console/Projects/TwilightArchery/Content/Assets/ModularLostRuinKit/Models/Nature/Rocks/SM_Plate_Rock_1.uasset" 540
"../../../../../../Users/dev_console/Projects/TwilightArchery/Content/Assets/ModularLostRuinKit/Textures/Nature/Rocks/T_Tiling_Rock2_Brown_N.uasset" 541
"../../../../../../Users/dev_console/Projects/TwilightArchery/Content/Assets/ModularLostRuinKit/Textures/Nature/Rocks/T_Tiling_Rock2_Brown_M.uasset" 542
"../../../../../../Users/dev_console/Projects/TwilightArchery/Content/Assets/ModularLostRuinKit/Textures/Nature/Rocks/T_Tiling_Rock2_Brown_BC.uasset" 543
"../../../../../../Users/dev_console/Projects/TwilightArchery/Content/Assets/ModularLostRuinKit/Materials/Nature/Rocks/MI_Medium_Rock.uasset" 544
"../../../../../../Users/dev_console/Projects/TwilightArchery/Content/Assets/ModularLostRuinKit/Models/Nature/Rocks/SM_Medium_Rock_9.uasset" 545
"../../../../../../Users/dev_console/Projects/TwilightArchery/Content/Assets/ModularLostRuinKit/Models/Nature/Rocks/SM_Medium_Rock_7.uasset" 546
"../../../../../../Users/dev_console/Projects/TwilightArchery/Content/Assets/ModularLostRuinKit/Models/Nature/Rocks/SM_Medium_Rock_5.uasset" 547
"../../../../../../Users/dev_console/Projects/TwilightArchery/Content/Assets/ModularLostRuinKit/Models/Nature/Rocks/SM_Medium_Rock_4.uasset" 548
"../../../../../../Users/dev_console/Projects/TwilightArchery/Content/Assets/ModularLostRuinKit/Models/Nature/Rocks/SM_Medium_Rock_3.uasset" 549
"../../../../../../Users/dev_console/Projects/TwilightArchery/Content/Assets/ModularLostRuinKit/Models/Nature/Rocks/SM_Medium_Rock_2.uasset" 550
"../../../../../../Users/dev_console/Projects/TwilightArchery/Content/Assets/ModularLostRuinKit/Textures/Nature/Foliage/T_Fol_Fern_N.uasset" 551
"../../../../../../Users/dev_console/Projects/TwilightArchery/Content/Assets/ModularLostRuinKit/Textures/Nature/Foliage/T_Fol_Fern_M.uasset" 552
"../../../../../../Users/dev_console/Projects/TwilightArchery/Content/Assets/ModularLostRuinKit/Textures/Nature/Foliage/T_Fol_Fern_BC.uasset" 553
"../../../../../../Users/dev_console/Projects/TwilightArchery/Content/Assets/ModularLostRuinKit/Materials/Nature/Foliage/MI_Fern.uasset" 554
"../../../../../../Users/dev_console/Projects/TwilightArchery/Content/Assets/ModularLostRuinKit/Models/Nature/Foliage/SM_Fol_Fern4.uasset" 555
"../../../../../../Users/dev_console/Projects/TwilightArchery/Content/Assets/ModularLostRuinKit/Models/Nature/Foliage/SM_Fol_Fern2.uasset" 556
"../../../../../../Users/dev_console/Projects/TwilightArchery/Content/Assets/ModularLostRuinKit/Models/Nature/Foliage/SM_Fol_Bush_Dist_1.uasset" 557
"../../../../../../Users/dev_console/Projects/TwilightArchery/Content/Assets/ModularLostRuinKit/Models/Nature/Rocks/SM_Medium_Rock_1.uasset" 558
"../../../Engine/Content/EngineMaterials/WeightMapPlaceholderTexture.uasset" 559
"../../../../../../Users/dev_console/Projects/TwilightArchery/Content/Assets/ModularLostRuinKit/Models/Nature/Foliage/SM_Fol_Grass_Hay_Set3.uasset" 560
"../../../../../../Users/dev_console/Projects/TwilightArchery/Content/Assets/ModularLostRuinKit/Models/Nature/Foliage/SM_Fol_Grass_Hay_Set2.uasset" 561
"../../../../../../Users/dev_console/Projects/TwilightArchery/Content/Assets/ModularLostRuinKit/Models/Nature/Foliage/SM_Fol_Fern3.uasset" 562
"../../../../../../Users/dev_console/Projects/TwilightArchery/Content/Assets/ModularLostRuinKit/Models/Nature/Foliage/SM_Fol_Fern1.uasset" 563
"../../../../../../Users/dev_console/Projects/TwilightArchery/Content/Assets/ModularLostRuinKit/Models/Nature/Foliage/SM_Fol_Grass_Set1.uasset" 564
"../../../../../../Users/dev_console/Projects/TwilightArchery/Content/Assets/ModularLostRuinKit/Materials/Nature/Landscape/WetnessGrass.uasset" 565
"../../../../../../Users/dev_console/Projects/TwilightArchery/Content/Assets/ModularLostRuinKit/Models/Nature/Foliage/SM_Fol_Undergrown_Set4.uasset" 566
"../../../../../../Users/dev_console/Projects/TwilightArchery/Content/Assets/ModularLostRuinKit/Models/Nature/Foliage/SM_Fol_Undergrown_Set3.uasset" 567
"../../../../../../Users/dev_console/Projects/TwilightArchery/Content/Assets/ModularLostRuinKit/Models/Nature/Foliage/SM_Fol_Undergrown_Set2.uasset" 568
"../../../../../../Users/dev_console/Projects/TwilightArchery/Content/Assets/ModularLostRuinKit/Models/Nature/Foliage/SM_Fol_Undergrown_Set1.uasset" 569
"../../../../../../Users/dev_console/Projects/TwilightArchery/Content/Assets/ModularLostRuinKit/Textures/Nature/Foliage/T_Fol_Tree_TrunkA_N.uasset" 570
"../../../../../../Users/dev_console/Projects/TwilightArchery/Content/Assets/ModularLostRuinKit/Textures/Nature/Foliage/T_Fol_Tree_TrunkA_M.uasset" 571
"../../../../../../Users/dev_console/Projects/TwilightArchery/Content/Assets/ModularLostRuinKit/Textures/Nature/Foliage/T_Fol_Tree_TrunkA_BC.uasset" 572
"../../../../../../Users/dev_console/Projects/TwilightArchery/Content/Assets/ModularLostRuinKit/Materials/MasterMaterials/M_TreeTrunk.uasset" 573
"../../../../../../Users/dev_console/Projects/TwilightArchery/Content/Assets/ModularLostRuinKit/Materials/Nature/Foliage/MI_Stick.uasset" 574
"../../../../../../Users/dev_console/Projects/TwilightArchery/Content/Assets/ModularLostRuinKit/Models/Nature/Foliage/SM_Fol_Stick_2.uasset" 575
"../../../../../../Users/dev_console/Projects/TwilightArchery/Content/Assets/ModularLostRuinKit/Models/Nature/Foliage/SM_Fol_Stick_1.uasset" 576
"../../../../../../Users/dev_console/Projects/TwilightArchery/Content/Assets/ModularLostRuinKit/Models/Nature/Foliage/SM_Fol_Grass_Hay_Set1.uasset" 577
"../../../../../../Users/dev_console/Projects/TwilightArchery/Content/Assets/ModularLostRuinKit/Models/Nature/Foliage/SM_Fol_Bush_2.uasset" 578
"../../../../../../Users/dev_console/Projects/TwilightArchery/Content/Assets/ModularLostRuinKit/Models/Nature/Foliage/SM_Fol_Bush_1.uasset" 579
"../../../../../../Users/dev_console/Projects/TwilightArchery/Content/Assets/ModularLostRuinKit/Materials/Nature/Landscape/SandGrass.uasset" 580
"../../../../../../Users/dev_console/Projects/TwilightArchery/Content/Assets/ModularLostRuinKit/Textures/Nature/Rocks/T_Debris_Rocks_N.uasset" 581
"../../../../../../Users/dev_console/Projects/TwilightArchery/Content/Assets/ModularLostRuinKit/Textures/Nature/Rocks/T_Debris_Rocks_M.uasset" 582
"../../../../../../Users/dev_console/Projects/TwilightArchery/Content/Assets/ModularLostRuinKit/Textures/Nature/Rocks/T_Debris_Rocks_BC.uasset" 583
"../../../../../../Users/dev_console/Projects/TwilightArchery/Content/Assets/ModularLostRuinKit/Materials/MasterMaterials/M_SimpleProp.uasset" 584
"../../../../../../Users/dev_console/Projects/TwilightArchery/Content/Assets/ModularLostRuinKit/Materials/Nature/Rocks/MI_Debris_Rocks.uasset" 585
"../../../../../../Users/dev_console/Projects/TwilightArchery/Content/Assets/ModularLostRuinKit/Models/Nature/Rocks/SM_Debris_Rocks_3.uasset" 586
"../../../../../../Users/dev_console/Projects/TwilightArchery/Content/Assets/ModularLostRuinKit/Models/Nature/Rocks/SM_Debris_Rocks_2.uasset" 587
"../../../../../../Users/dev_console/Projects/TwilightArchery/Content/Assets/ModularLostRuinKit/Models/Nature/Rocks/SM_Debris_Rocks_1.uasset" 588
"../../../../../../Users/dev_console/Projects/TwilightArchery/Content/Assets/ModularLostRuinKit/Materials/Nature/Landscape/RockGrass.uasset" 589
"../../../../../../Users/dev_console/Projects/TwilightArchery/Content/Assets/ModularLostRuinKit/Textures/Nature/Landscape/T_Wetness_N.uasset" 590
"../../../../../../Users/dev_console/Projects/TwilightArchery/Content/Assets/ModularLostRuinKit/Textures/Nature/Landscape/T_Wetness_M.uasset" 591
"../../../../../../Users/dev_console/Projects/TwilightArchery/Content/Assets/ModularLostRuinKit/Textures/Nature/Landscape/T_Wetness_BC.uasset" 592
"../../../../../../Users/dev_console/Projects/TwilightArchery/Content/Assets/ModularLostRuinKit/Textures/Nature/Landscape/T_SandRock_N.uasset" 593
"../../../../../../Users/dev_console/Projects/TwilightArchery/Content/Assets/ModularLostRuinKit/Textures/Nature/Landscape/T_SandRock_M.uasset" 594
"../../../../../../Users/dev_console/Projects/TwilightArchery/Content/Assets/ModularLostRuinKit/Textures/Nature/Landscape/T_SandRock_BC.uasset" 595
"../../../../../../Users/dev_console/Projects/TwilightArchery/Content/Assets/ModularLostRuinKit/Textures/Nature/Landscape/T_SandLight_N.uasset" 596
"../../../../../../Users/dev_console/Projects/TwilightArchery/Content/Assets/ModularLostRuinKit/Textures/Nature/Landscape/T_SandLight_M.uasset" 597
"../../../../../../Users/dev_console/Projects/TwilightArchery/Content/Assets/ModularLostRuinKit/Textures/Nature/Landscape/T_SandLight_BC.uasset" 598
"../../../../../../Users/dev_console/Projects/TwilightArchery/Content/Assets/ModularLostRuinKit/Textures/Nature/Rocks/T_Tiling_Ground_N.uasset" 599
"../../../../../../Users/dev_console/Projects/TwilightArchery/Content/Assets/ModularLostRuinKit/Textures/Nature/Landscape/T_GroundRock_N.uasset" 600
"../../../../../../Users/dev_console/Projects/TwilightArchery/Content/Assets/ModularLostRuinKit/Textures/Nature/Landscape/T_GroundRock_M.uasset" 601
"../../../../../../Users/dev_console/Projects/TwilightArchery/Content/Assets/ModularLostRuinKit/Textures/Nature/Landscape/T_GroundRock_BC.uasset" 602
"../../../../../../Users/dev_console/Projects/TwilightArchery/Content/Assets/ModularLostRuinKit/Materials/Nature/Landscape/Wetness_LayerInfo.uasset" 603
"../../../../../../Users/dev_console/Projects/TwilightArchery/Content/Assets/ModularLostRuinKit/Materials/Nature/Landscape/Sand_LayerInfo.uasset" 604
"../../../../../../Users/dev_console/Projects/TwilightArchery/Content/Assets/ModularLostRuinKit/Materials/Nature/Landscape/Rock_LayerInfo.uasset" 605
"../../../../../../Users/dev_console/Projects/TwilightArchery/Content/Assets/ModularLostRuinKit/Materials/Functions/MF_Landscape_Wetness.uasset" 606
"../../../../../../Users/dev_console/Projects/TwilightArchery/Content/Assets/ModularLostRuinKit/Materials/Functions/MF_Landscape_Sand.uasset" 607
"../../../../../../Users/dev_console/Projects/TwilightArchery/Content/Assets/ModularLostRuinKit/Materials/Functions/MF_Landscape_Rock.uasset" 608
"../../../../../../Users/dev_console/Projects/TwilightArchery/Content/Assets/ModularLostRuinKit/Materials/MasterMaterials/M_Landscape.uasset" 609
"../../../../../../Users/dev_console/Projects/TwilightArchery/Content/Assets/ModularLostRuinKit/Materials/Nature/Landscape/MI_Landscape.uasset" 610
"../../../Engine/Content/EngineSky/SM_SkySphere.uasset" 611
"../../../Engine/Content/EngineSky/C_Sky_Zenith_Color.uasset" 612
"../../../Engine/Content/EngineSky/C_Sky_Horizon_Color.uasset" 613
"../../../Engine/Content/EngineSky/C_Sky_Cloud_Color.uasset" 614
"../../../Engine/Content/EngineSky/BP_Sky_Sphere.uasset" 615
"../../../../../../Users/dev_console/Projects/TwilightArchery/Content/Actors/SkySPhere.uasset" 616
"../../../../../../Users/dev_console/Projects/TwilightArchery/Content/Assets/MedKit/textures/MedkitRoughness01.uasset" 617
"../../../../../../Users/dev_console/Projects/TwilightArchery/Content/Assets/MedKit/textures/MedkitNormal01.uasset" 618
"../../../../../../Users/dev_console/Projects/TwilightArchery/Content/Assets/MedKit/textures/MedkitMetallic.uasset" 619
"../../../../../../Users/dev_console/Projects/TwilightArchery/Content/Assets/MedKit/textures/MedkitDiffuse01.uasset" 620
"../../../../../../Users/dev_console/Projects/TwilightArchery/Content/Assets/MedKit/source/Medkit1.uasset" 621
"../../../../../../Users/dev_console/Projects/TwilightArchery/Content/Assets/MedKit/source/medkit.uasset" 622
"../../../../../../Users/dev_console/Projects/TwilightArchery/Content/Actors/MedKit.uasset" 623
"../../../../../../Users/dev_console/Projects/TwilightArchery/Content/Assets/MedKit/Fountain/textures/Roughness.uasset" 624
"../../../../../../Users/dev_console/Projects/TwilightArchery/Content/Assets/MedKit/Fountain/textures/Normal.uasset" 625
"../../../../../../Users/dev_console/Projects/TwilightArchery/Content/Assets/MedKit/Fountain/textures/Base_Color.uasset" 626
"../../../../../../Users/dev_console/Projects/TwilightArchery/Content/Assets/MedKit/Fountain/source/Fountain_Material.uasset" 627
"../../../../../../Users/dev_console/Projects/TwilightArchery/Content/Assets/MedKit/Fountain/source/Fountain-LP_Fountain_LowPoly.uasset" 628
"../../../../../../Users/dev_console/Projects/TwilightArchery/Content/Actors/MedkitSpawner.uasset" 629
"../../../../../../Users/dev_console/Projects/TwilightArchery/Content/Assets/Rocks/skatter_rock.uasset" 630
"../../../../../../Users/dev_console/Projects/TwilightArchery/Content/Assets/Rocks/skatter_rock_Mat.uasset" 631
"../../../../../../Users/dev_console/Projects/TwilightArchery/Content/Assets/Rocks/skatter_rock_03.uasset" 632
"../../../../../../Users/dev_console/Projects/TwilightArchery/Content/Assets/Rocks/skatter_rock_03_DM.uasset" 633
"../../../../../../Users/dev_console/Projects/TwilightArchery/Content/Assets/Rocks/skatter_rock_02.uasset" 634
"../../../../../../Users/dev_console/Projects/TwilightArchery/Content/Assets/Rocks/skatter_rock_02_DM.uasset" 635
"../../../../../../Users/dev_console/Projects/TwilightArchery/Content/Assets/Rocks/skatter_rock_01.uasset" 636
"../../../../../../Users/dev_console/Projects/TwilightArchery/Content/Assets/Rocks/skatter_rock_01_DM.uasset" 637
"../../../../../../Users/dev_console/Projects/TwilightArchery/Content/Actors/Rock.uasset" 638
"../../../../../../Users/dev_console/Projects/TwilightArchery/Content/Levels/TwilightArcheryMap.umap" 639
"../../../Engine/Content/Maps/Entry_BuiltData.uasset" 640
"../../../Engine/Content/Maps/Entry.umap" 641
